<?xml version="1.0" encoding="UTF-8"?>
<testsuite xmlns:xsi="http://www.w3.org/2001/XMLSchema-instance" xsi:noNamespaceSchemaLocation="https://maven.apache.org/surefire/maven-surefire-plugin/xsd/surefire-test-report-3.0.xsd" version="3.0" name="com.example.lms.controller.MemberControllerIntegrationTest" time="3.709" tests="3" errors="0" skipped="0" failures="0">
  <properties>
    <property name="java.specification.version" value="21"/>
    <property name="sun.jnu.encoding" value="UTF-8"/>
    <property name="java.class.path" value="/Users/archiskhuspe/Desktop/LibraryProjectNewUI/target/test-classes:/Users/archiskhuspe/Desktop/LibraryProjectNewUI/target/classes:/Users/archiskhuspe/.m2/repository/org/springframework/boot/spring-boot-starter-web/3.2.0/spring-boot-starter-web-3.2.0.jar:/Users/archiskhuspe/.m2/repository/org/springframework/boot/spring-boot-starter/3.2.0/spring-boot-starter-3.2.0.jar:/Users/archiskhuspe/.m2/repository/org/springframework/boot/spring-boot/3.2.0/spring-boot-3.2.0.jar:/Users/archiskhuspe/.m2/repository/org/springframework/boot/spring-boot-autoconfigure/3.2.0/spring-boot-autoconfigure-3.2.0.jar:/Users/archiskhuspe/.m2/repository/org/springframework/boot/spring-boot-starter-logging/3.2.0/spring-boot-starter-logging-3.2.0.jar:/Users/archiskhuspe/.m2/repository/ch/qos/logback/logback-classic/1.4.11/logback-classic-1.4.11.jar:/Users/archiskhuspe/.m2/repository/ch/qos/logback/logback-core/1.4.11/logback-core-1.4.11.jar:/Users/archiskhuspe/.m2/repository/org/apache/logging/log4j/log4j-to-slf4j/2.21.1/log4j-to-slf4j-2.21.1.jar:/Users/archiskhuspe/.m2/repository/org/apache/logging/log4j/log4j-api/2.21.1/log4j-api-2.21.1.jar:/Users/archiskhuspe/.m2/repository/org/slf4j/jul-to-slf4j/2.0.9/jul-to-slf4j-2.0.9.jar:/Users/archiskhuspe/.m2/repository/jakarta/annotation/jakarta.annotation-api/2.1.1/jakarta.annotation-api-2.1.1.jar:/Users/archiskhuspe/.m2/repository/org/yaml/snakeyaml/2.2/snakeyaml-2.2.jar:/Users/archiskhuspe/.m2/repository/org/springframework/boot/spring-boot-starter-json/3.2.0/spring-boot-starter-json-3.2.0.jar:/Users/archiskhuspe/.m2/repository/com/fasterxml/jackson/datatype/jackson-datatype-jdk8/2.15.3/jackson-datatype-jdk8-2.15.3.jar:/Users/archiskhuspe/.m2/repository/com/fasterxml/jackson/datatype/jackson-datatype-jsr310/2.15.3/jackson-datatype-jsr310-2.15.3.jar:/Users/archiskhuspe/.m2/repository/com/fasterxml/jackson/module/jackson-module-parameter-names/2.15.3/jackson-module-parameter-names-2.15.3.jar:/Users/archiskhuspe/.m2/repository/org/springframework/boot/spring-boot-starter-tomcat/3.2.0/spring-boot-starter-tomcat-3.2.0.jar:/Users/archiskhuspe/.m2/repository/org/apache/tomcat/embed/tomcat-embed-core/10.1.16/tomcat-embed-core-10.1.16.jar:/Users/archiskhuspe/.m2/repository/org/apache/tomcat/embed/tomcat-embed-websocket/10.1.16/tomcat-embed-websocket-10.1.16.jar:/Users/archiskhuspe/.m2/repository/org/springframework/spring-web/6.1.1/spring-web-6.1.1.jar:/Users/archiskhuspe/.m2/repository/org/springframework/spring-beans/6.1.1/spring-beans-6.1.1.jar:/Users/archiskhuspe/.m2/repository/io/micrometer/micrometer-observation/1.12.0/micrometer-observation-1.12.0.jar:/Users/archiskhuspe/.m2/repository/io/micrometer/micrometer-commons/1.12.0/micrometer-commons-1.12.0.jar:/Users/archiskhuspe/.m2/repository/org/springframework/spring-webmvc/6.1.1/spring-webmvc-6.1.1.jar:/Users/archiskhuspe/.m2/repository/org/springframework/spring-context/6.1.1/spring-context-6.1.1.jar:/Users/archiskhuspe/.m2/repository/org/springframework/spring-expression/6.1.1/spring-expression-6.1.1.jar:/Users/archiskhuspe/.m2/repository/org/springframework/boot/spring-boot-starter-data-jpa/3.2.0/spring-boot-starter-data-jpa-3.2.0.jar:/Users/archiskhuspe/.m2/repository/org/springframework/boot/spring-boot-starter-aop/3.2.0/spring-boot-starter-aop-3.2.0.jar:/Users/archiskhuspe/.m2/repository/org/aspectj/aspectjweaver/1.9.20.1/aspectjweaver-1.9.20.1.jar:/Users/archiskhuspe/.m2/repository/org/springframework/boot/spring-boot-starter-jdbc/3.2.0/spring-boot-starter-jdbc-3.2.0.jar:/Users/archiskhuspe/.m2/repository/com/zaxxer/HikariCP/5.0.1/HikariCP-5.0.1.jar:/Users/archiskhuspe/.m2/repository/org/springframework/spring-jdbc/6.1.1/spring-jdbc-6.1.1.jar:/Users/archiskhuspe/.m2/repository/org/hibernate/orm/hibernate-core/6.3.1.Final/hibernate-core-6.3.1.Final.jar:/Users/archiskhuspe/.m2/repository/jakarta/persistence/jakarta.persistence-api/3.1.0/jakarta.persistence-api-3.1.0.jar:/Users/archiskhuspe/.m2/repository/jakarta/transaction/jakarta.transaction-api/2.0.1/jakarta.transaction-api-2.0.1.jar:/Users/archiskhuspe/.m2/repository/org/jboss/logging/jboss-logging/3.5.3.Final/jboss-logging-3.5.3.Final.jar:/Users/archiskhuspe/.m2/repository/org/hibernate/common/hibernate-commons-annotations/6.0.6.Final/hibernate-commons-annotations-6.0.6.Final.jar:/Users/archiskhuspe/.m2/repository/io/smallrye/jandex/3.1.2/jandex-3.1.2.jar:/Users/archiskhuspe/.m2/repository/com/fasterxml/classmate/1.6.0/classmate-1.6.0.jar:/Users/archiskhuspe/.m2/repository/net/bytebuddy/byte-buddy/1.14.10/byte-buddy-1.14.10.jar:/Users/archiskhuspe/.m2/repository/org/glassfish/jaxb/jaxb-runtime/4.0.4/jaxb-runtime-4.0.4.jar:/Users/archiskhuspe/.m2/repository/org/glassfish/jaxb/jaxb-core/4.0.4/jaxb-core-4.0.4.jar:/Users/archiskhuspe/.m2/repository/org/eclipse/angus/angus-activation/2.0.1/angus-activation-2.0.1.jar:/Users/archiskhuspe/.m2/repository/org/glassfish/jaxb/txw2/4.0.4/txw2-4.0.4.jar:/Users/archiskhuspe/.m2/repository/com/sun/istack/istack-commons-runtime/4.1.2/istack-commons-runtime-4.1.2.jar:/Users/archiskhuspe/.m2/repository/jakarta/inject/jakarta.inject-api/2.0.1/jakarta.inject-api-2.0.1.jar:/Users/archiskhuspe/.m2/repository/org/antlr/antlr4-runtime/4.10.1/antlr4-runtime-4.10.1.jar:/Users/archiskhuspe/.m2/repository/org/springframework/data/spring-data-jpa/3.2.0/spring-data-jpa-3.2.0.jar:/Users/archiskhuspe/.m2/repository/org/springframework/data/spring-data-commons/3.2.0/spring-data-commons-3.2.0.jar:/Users/archiskhuspe/.m2/repository/org/springframework/spring-orm/6.1.1/spring-orm-6.1.1.jar:/Users/archiskhuspe/.m2/repository/org/springframework/spring-tx/6.1.1/spring-tx-6.1.1.jar:/Users/archiskhuspe/.m2/repository/org/slf4j/slf4j-api/2.0.9/slf4j-api-2.0.9.jar:/Users/archiskhuspe/.m2/repository/org/springframework/spring-aspects/6.1.1/spring-aspects-6.1.1.jar:/Users/archiskhuspe/.m2/repository/org/springframework/boot/spring-boot-starter-validation/3.2.0/spring-boot-starter-validation-3.2.0.jar:/Users/archiskhuspe/.m2/repository/org/apache/tomcat/embed/tomcat-embed-el/10.1.16/tomcat-embed-el-10.1.16.jar:/Users/archiskhuspe/.m2/repository/org/hibernate/validator/hibernate-validator/8.0.1.Final/hibernate-validator-8.0.1.Final.jar:/Users/archiskhuspe/.m2/repository/jakarta/validation/jakarta.validation-api/3.0.2/jakarta.validation-api-3.0.2.jar:/Users/archiskhuspe/.m2/repository/org/springframework/boot/spring-boot-starter-security/3.2.0/spring-boot-starter-security-3.2.0.jar:/Users/archiskhuspe/.m2/repository/org/springframework/spring-aop/6.1.1/spring-aop-6.1.1.jar:/Users/archiskhuspe/.m2/repository/org/springframework/security/spring-security-config/6.2.0/spring-security-config-6.2.0.jar:/Users/archiskhuspe/.m2/repository/org/springframework/security/spring-security-web/6.2.0/spring-security-web-6.2.0.jar:/Users/archiskhuspe/.m2/repository/com/h2database/h2/2.2.224/h2-2.2.224.jar:/Users/archiskhuspe/.m2/repository/org/projectlombok/lombok/1.18.30/lombok-1.18.30.jar:/Users/archiskhuspe/.m2/repository/org/springdoc/springdoc-openapi-starter-webmvc-ui/2.3.0/springdoc-openapi-starter-webmvc-ui-2.3.0.jar:/Users/archiskhuspe/.m2/repository/org/springdoc/springdoc-openapi-starter-webmvc-api/2.3.0/springdoc-openapi-starter-webmvc-api-2.3.0.jar:/Users/archiskhuspe/.m2/repository/org/springdoc/springdoc-openapi-starter-common/2.3.0/springdoc-openapi-starter-common-2.3.0.jar:/Users/archiskhuspe/.m2/repository/io/swagger/core/v3/swagger-core-jakarta/2.2.19/swagger-core-jakarta-2.2.19.jar:/Users/archiskhuspe/.m2/repository/org/apache/commons/commons-lang3/3.13.0/commons-lang3-3.13.0.jar:/Users/archiskhuspe/.m2/repository/io/swagger/core/v3/swagger-annotations-jakarta/2.2.19/swagger-annotations-jakarta-2.2.19.jar:/Users/archiskhuspe/.m2/repository/io/swagger/core/v3/swagger-models-jakarta/2.2.19/swagger-models-jakarta-2.2.19.jar:/Users/archiskhuspe/.m2/repository/com/fasterxml/jackson/dataformat/jackson-dataformat-yaml/2.15.3/jackson-dataformat-yaml-2.15.3.jar:/Users/archiskhuspe/.m2/repository/org/webjars/swagger-ui/5.10.3/swagger-ui-5.10.3.jar:/Users/archiskhuspe/.m2/repository/io/jsonwebtoken/jjwt-api/0.11.5/jjwt-api-0.11.5.jar:/Users/archiskhuspe/.m2/repository/io/jsonwebtoken/jjwt-impl/0.11.5/jjwt-impl-0.11.5.jar:/Users/archiskhuspe/.m2/repository/io/jsonwebtoken/jjwt-jackson/0.11.5/jjwt-jackson-0.11.5.jar:/Users/archiskhuspe/.m2/repository/com/fasterxml/jackson/core/jackson-databind/2.15.3/jackson-databind-2.15.3.jar:/Users/archiskhuspe/.m2/repository/com/fasterxml/jackson/core/jackson-annotations/2.15.3/jackson-annotations-2.15.3.jar:/Users/archiskhuspe/.m2/repository/com/fasterxml/jackson/core/jackson-core/2.15.3/jackson-core-2.15.3.jar:/Users/archiskhuspe/.m2/repository/org/springframework/boot/spring-boot-starter-test/3.2.0/spring-boot-starter-test-3.2.0.jar:/Users/archiskhuspe/.m2/repository/org/springframework/boot/spring-boot-test/3.2.0/spring-boot-test-3.2.0.jar:/Users/archiskhuspe/.m2/repository/org/springframework/boot/spring-boot-test-autoconfigure/3.2.0/spring-boot-test-autoconfigure-3.2.0.jar:/Users/archiskhuspe/.m2/repository/com/jayway/jsonpath/json-path/2.8.0/json-path-2.8.0.jar:/Users/archiskhuspe/.m2/repository/jakarta/xml/bind/jakarta.xml.bind-api/4.0.1/jakarta.xml.bind-api-4.0.1.jar:/Users/archiskhuspe/.m2/repository/jakarta/activation/jakarta.activation-api/2.1.2/jakarta.activation-api-2.1.2.jar:/Users/archiskhuspe/.m2/repository/net/minidev/json-smart/2.5.0/json-smart-2.5.0.jar:/Users/archiskhuspe/.m2/repository/net/minidev/accessors-smart/2.5.0/accessors-smart-2.5.0.jar:/Users/archiskhuspe/.m2/repository/org/ow2/asm/asm/9.3/asm-9.3.jar:/Users/archiskhuspe/.m2/repository/org/assertj/assertj-core/3.24.2/assertj-core-3.24.2.jar:/Users/archiskhuspe/.m2/repository/org/awaitility/awaitility/4.2.0/awaitility-4.2.0.jar:/Users/archiskhuspe/.m2/repository/org/hamcrest/hamcrest/2.2/hamcrest-2.2.jar:/Users/archiskhuspe/.m2/repository/org/junit/jupiter/junit-jupiter/5.10.1/junit-jupiter-5.10.1.jar:/Users/archiskhuspe/.m2/repository/org/junit/jupiter/junit-jupiter-api/5.10.1/junit-jupiter-api-5.10.1.jar:/Users/archiskhuspe/.m2/repository/org/opentest4j/opentest4j/1.3.0/opentest4j-1.3.0.jar:/Users/archiskhuspe/.m2/repository/org/junit/platform/junit-platform-commons/1.10.1/junit-platform-commons-1.10.1.jar:/Users/archiskhuspe/.m2/repository/org/apiguardian/apiguardian-api/1.1.2/apiguardian-api-1.1.2.jar:/Users/archiskhuspe/.m2/repository/org/junit/jupiter/junit-jupiter-params/5.10.1/junit-jupiter-params-5.10.1.jar:/Users/archiskhuspe/.m2/repository/org/junit/jupiter/junit-jupiter-engine/5.10.1/junit-jupiter-engine-5.10.1.jar:/Users/archiskhuspe/.m2/repository/org/junit/platform/junit-platform-engine/1.10.1/junit-platform-engine-1.10.1.jar:/Users/archiskhuspe/.m2/repository/org/mockito/mockito-core/5.7.0/mockito-core-5.7.0.jar:/Users/archiskhuspe/.m2/repository/net/bytebuddy/byte-buddy-agent/1.14.10/byte-buddy-agent-1.14.10.jar:/Users/archiskhuspe/.m2/repository/org/objenesis/objenesis/3.3/objenesis-3.3.jar:/Users/archiskhuspe/.m2/repository/org/mockito/mockito-junit-jupiter/5.7.0/mockito-junit-jupiter-5.7.0.jar:/Users/archiskhuspe/.m2/repository/org/skyscreamer/jsonassert/1.5.1/jsonassert-1.5.1.jar:/Users/archiskhuspe/.m2/repository/com/vaadin/external/google/android-json/0.0.20131108.vaadin1/android-json-0.0.20131108.vaadin1.jar:/Users/archiskhuspe/.m2/repository/org/springframework/spring-core/6.1.1/spring-core-6.1.1.jar:/Users/archiskhuspe/.m2/repository/org/springframework/spring-jcl/6.1.1/spring-jcl-6.1.1.jar:/Users/archiskhuspe/.m2/repository/org/springframework/spring-test/6.1.1/spring-test-6.1.1.jar:/Users/archiskhuspe/.m2/repository/org/xmlunit/xmlunit-core/2.9.1/xmlunit-core-2.9.1.jar:/Users/archiskhuspe/.m2/repository/org/springframework/security/spring-security-test/6.2.0/spring-security-test-6.2.0.jar:/Users/archiskhuspe/.m2/repository/org/springframework/security/spring-security-core/6.2.0/spring-security-core-6.2.0.jar:/Users/archiskhuspe/.m2/repository/org/springframework/security/spring-security-crypto/6.2.0/spring-security-crypto-6.2.0.jar:"/>
    <property name="java.vm.vendor" value="Oracle Corporation"/>
    <property name="sun.arch.data.model" value="64"/>
    <property name="java.vendor.url" value="https://java.oracle.com/"/>
    <property name="user.timezone" value="Asia/Kolkata"/>
    <property name="org.jboss.logging.provider" value="slf4j"/>
    <property name="os.name" value="Mac OS X"/>
    <property name="java.vm.specification.version" value="21"/>
    <property name="sun.java.launcher" value="SUN_STANDARD"/>
    <property name="user.country" value="IN"/>
    <property name="sun.boot.library.path" value="/Library/Java/JavaVirtualMachines/jdk-21.jdk/Contents/Home/lib"/>
    <property name="sun.java.command" value="/Users/archiskhuspe/Desktop/LibraryProjectNewUI/target/surefire/surefirebooter-20250604144831537_3.jar /Users/archiskhuspe/Desktop/LibraryProjectNewUI/target/surefire 2025-06-04T14-48-31_483-jvmRun1 surefire-20250604144831537_1tmp surefire_0-20250604144831537_2tmp"/>
    <property name="http.nonProxyHosts" value="local|*.local|169.254/16|*.169.254/16"/>
    <property name="jdk.debug" value="release"/>
    <property name="surefire.test.class.path" value="/Users/archiskhuspe/Desktop/LibraryProjectNewUI/target/test-classes:/Users/archiskhuspe/Desktop/LibraryProjectNewUI/target/classes:/Users/archiskhuspe/.m2/repository/org/springframework/boot/spring-boot-starter-web/3.2.0/spring-boot-starter-web-3.2.0.jar:/Users/archiskhuspe/.m2/repository/org/springframework/boot/spring-boot-starter/3.2.0/spring-boot-starter-3.2.0.jar:/Users/archiskhuspe/.m2/repository/org/springframework/boot/spring-boot/3.2.0/spring-boot-3.2.0.jar:/Users/archiskhuspe/.m2/repository/org/springframework/boot/spring-boot-autoconfigure/3.2.0/spring-boot-autoconfigure-3.2.0.jar:/Users/archiskhuspe/.m2/repository/org/springframework/boot/spring-boot-starter-logging/3.2.0/spring-boot-starter-logging-3.2.0.jar:/Users/archiskhuspe/.m2/repository/ch/qos/logback/logback-classic/1.4.11/logback-classic-1.4.11.jar:/Users/archiskhuspe/.m2/repository/ch/qos/logback/logback-core/1.4.11/logback-core-1.4.11.jar:/Users/archiskhuspe/.m2/repository/org/apache/logging/log4j/log4j-to-slf4j/2.21.1/log4j-to-slf4j-2.21.1.jar:/Users/archiskhuspe/.m2/repository/org/apache/logging/log4j/log4j-api/2.21.1/log4j-api-2.21.1.jar:/Users/archiskhuspe/.m2/repository/org/slf4j/jul-to-slf4j/2.0.9/jul-to-slf4j-2.0.9.jar:/Users/archiskhuspe/.m2/repository/jakarta/annotation/jakarta.annotation-api/2.1.1/jakarta.annotation-api-2.1.1.jar:/Users/archiskhuspe/.m2/repository/org/yaml/snakeyaml/2.2/snakeyaml-2.2.jar:/Users/archiskhuspe/.m2/repository/org/springframework/boot/spring-boot-starter-json/3.2.0/spring-boot-starter-json-3.2.0.jar:/Users/archiskhuspe/.m2/repository/com/fasterxml/jackson/datatype/jackson-datatype-jdk8/2.15.3/jackson-datatype-jdk8-2.15.3.jar:/Users/archiskhuspe/.m2/repository/com/fasterxml/jackson/datatype/jackson-datatype-jsr310/2.15.3/jackson-datatype-jsr310-2.15.3.jar:/Users/archiskhuspe/.m2/repository/com/fasterxml/jackson/module/jackson-module-parameter-names/2.15.3/jackson-module-parameter-names-2.15.3.jar:/Users/archiskhuspe/.m2/repository/org/springframework/boot/spring-boot-starter-tomcat/3.2.0/spring-boot-starter-tomcat-3.2.0.jar:/Users/archiskhuspe/.m2/repository/org/apache/tomcat/embed/tomcat-embed-core/10.1.16/tomcat-embed-core-10.1.16.jar:/Users/archiskhuspe/.m2/repository/org/apache/tomcat/embed/tomcat-embed-websocket/10.1.16/tomcat-embed-websocket-10.1.16.jar:/Users/archiskhuspe/.m2/repository/org/springframework/spring-web/6.1.1/spring-web-6.1.1.jar:/Users/archiskhuspe/.m2/repository/org/springframework/spring-beans/6.1.1/spring-beans-6.1.1.jar:/Users/archiskhuspe/.m2/repository/io/micrometer/micrometer-observation/1.12.0/micrometer-observation-1.12.0.jar:/Users/archiskhuspe/.m2/repository/io/micrometer/micrometer-commons/1.12.0/micrometer-commons-1.12.0.jar:/Users/archiskhuspe/.m2/repository/org/springframework/spring-webmvc/6.1.1/spring-webmvc-6.1.1.jar:/Users/archiskhuspe/.m2/repository/org/springframework/spring-context/6.1.1/spring-context-6.1.1.jar:/Users/archiskhuspe/.m2/repository/org/springframework/spring-expression/6.1.1/spring-expression-6.1.1.jar:/Users/archiskhuspe/.m2/repository/org/springframework/boot/spring-boot-starter-data-jpa/3.2.0/spring-boot-starter-data-jpa-3.2.0.jar:/Users/archiskhuspe/.m2/repository/org/springframework/boot/spring-boot-starter-aop/3.2.0/spring-boot-starter-aop-3.2.0.jar:/Users/archiskhuspe/.m2/repository/org/aspectj/aspectjweaver/1.9.20.1/aspectjweaver-1.9.20.1.jar:/Users/archiskhuspe/.m2/repository/org/springframework/boot/spring-boot-starter-jdbc/3.2.0/spring-boot-starter-jdbc-3.2.0.jar:/Users/archiskhuspe/.m2/repository/com/zaxxer/HikariCP/5.0.1/HikariCP-5.0.1.jar:/Users/archiskhuspe/.m2/repository/org/springframework/spring-jdbc/6.1.1/spring-jdbc-6.1.1.jar:/Users/archiskhuspe/.m2/repository/org/hibernate/orm/hibernate-core/6.3.1.Final/hibernate-core-6.3.1.Final.jar:/Users/archiskhuspe/.m2/repository/jakarta/persistence/jakarta.persistence-api/3.1.0/jakarta.persistence-api-3.1.0.jar:/Users/archiskhuspe/.m2/repository/jakarta/transaction/jakarta.transaction-api/2.0.1/jakarta.transaction-api-2.0.1.jar:/Users/archiskhuspe/.m2/repository/org/jboss/logging/jboss-logging/3.5.3.Final/jboss-logging-3.5.3.Final.jar:/Users/archiskhuspe/.m2/repository/org/hibernate/common/hibernate-commons-annotations/6.0.6.Final/hibernate-commons-annotations-6.0.6.Final.jar:/Users/archiskhuspe/.m2/repository/io/smallrye/jandex/3.1.2/jandex-3.1.2.jar:/Users/archiskhuspe/.m2/repository/com/fasterxml/classmate/1.6.0/classmate-1.6.0.jar:/Users/archiskhuspe/.m2/repository/net/bytebuddy/byte-buddy/1.14.10/byte-buddy-1.14.10.jar:/Users/archiskhuspe/.m2/repository/org/glassfish/jaxb/jaxb-runtime/4.0.4/jaxb-runtime-4.0.4.jar:/Users/archiskhuspe/.m2/repository/org/glassfish/jaxb/jaxb-core/4.0.4/jaxb-core-4.0.4.jar:/Users/archiskhuspe/.m2/repository/org/eclipse/angus/angus-activation/2.0.1/angus-activation-2.0.1.jar:/Users/archiskhuspe/.m2/repository/org/glassfish/jaxb/txw2/4.0.4/txw2-4.0.4.jar:/Users/archiskhuspe/.m2/repository/com/sun/istack/istack-commons-runtime/4.1.2/istack-commons-runtime-4.1.2.jar:/Users/archiskhuspe/.m2/repository/jakarta/inject/jakarta.inject-api/2.0.1/jakarta.inject-api-2.0.1.jar:/Users/archiskhuspe/.m2/repository/org/antlr/antlr4-runtime/4.10.1/antlr4-runtime-4.10.1.jar:/Users/archiskhuspe/.m2/repository/org/springframework/data/spring-data-jpa/3.2.0/spring-data-jpa-3.2.0.jar:/Users/archiskhuspe/.m2/repository/org/springframework/data/spring-data-commons/3.2.0/spring-data-commons-3.2.0.jar:/Users/archiskhuspe/.m2/repository/org/springframework/spring-orm/6.1.1/spring-orm-6.1.1.jar:/Users/archiskhuspe/.m2/repository/org/springframework/spring-tx/6.1.1/spring-tx-6.1.1.jar:/Users/archiskhuspe/.m2/repository/org/slf4j/slf4j-api/2.0.9/slf4j-api-2.0.9.jar:/Users/archiskhuspe/.m2/repository/org/springframework/spring-aspects/6.1.1/spring-aspects-6.1.1.jar:/Users/archiskhuspe/.m2/repository/org/springframework/boot/spring-boot-starter-validation/3.2.0/spring-boot-starter-validation-3.2.0.jar:/Users/archiskhuspe/.m2/repository/org/apache/tomcat/embed/tomcat-embed-el/10.1.16/tomcat-embed-el-10.1.16.jar:/Users/archiskhuspe/.m2/repository/org/hibernate/validator/hibernate-validator/8.0.1.Final/hibernate-validator-8.0.1.Final.jar:/Users/archiskhuspe/.m2/repository/jakarta/validation/jakarta.validation-api/3.0.2/jakarta.validation-api-3.0.2.jar:/Users/archiskhuspe/.m2/repository/org/springframework/boot/spring-boot-starter-security/3.2.0/spring-boot-starter-security-3.2.0.jar:/Users/archiskhuspe/.m2/repository/org/springframework/spring-aop/6.1.1/spring-aop-6.1.1.jar:/Users/archiskhuspe/.m2/repository/org/springframework/security/spring-security-config/6.2.0/spring-security-config-6.2.0.jar:/Users/archiskhuspe/.m2/repository/org/springframework/security/spring-security-web/6.2.0/spring-security-web-6.2.0.jar:/Users/archiskhuspe/.m2/repository/com/h2database/h2/2.2.224/h2-2.2.224.jar:/Users/archiskhuspe/.m2/repository/org/projectlombok/lombok/1.18.30/lombok-1.18.30.jar:/Users/archiskhuspe/.m2/repository/org/springdoc/springdoc-openapi-starter-webmvc-ui/2.3.0/springdoc-openapi-starter-webmvc-ui-2.3.0.jar:/Users/archiskhuspe/.m2/repository/org/springdoc/springdoc-openapi-starter-webmvc-api/2.3.0/springdoc-openapi-starter-webmvc-api-2.3.0.jar:/Users/archiskhuspe/.m2/repository/org/springdoc/springdoc-openapi-starter-common/2.3.0/springdoc-openapi-starter-common-2.3.0.jar:/Users/archiskhuspe/.m2/repository/io/swagger/core/v3/swagger-core-jakarta/2.2.19/swagger-core-jakarta-2.2.19.jar:/Users/archiskhuspe/.m2/repository/org/apache/commons/commons-lang3/3.13.0/commons-lang3-3.13.0.jar:/Users/archiskhuspe/.m2/repository/io/swagger/core/v3/swagger-annotations-jakarta/2.2.19/swagger-annotations-jakarta-2.2.19.jar:/Users/archiskhuspe/.m2/repository/io/swagger/core/v3/swagger-models-jakarta/2.2.19/swagger-models-jakarta-2.2.19.jar:/Users/archiskhuspe/.m2/repository/com/fasterxml/jackson/dataformat/jackson-dataformat-yaml/2.15.3/jackson-dataformat-yaml-2.15.3.jar:/Users/archiskhuspe/.m2/repository/org/webjars/swagger-ui/5.10.3/swagger-ui-5.10.3.jar:/Users/archiskhuspe/.m2/repository/io/jsonwebtoken/jjwt-api/0.11.5/jjwt-api-0.11.5.jar:/Users/archiskhuspe/.m2/repository/io/jsonwebtoken/jjwt-impl/0.11.5/jjwt-impl-0.11.5.jar:/Users/archiskhuspe/.m2/repository/io/jsonwebtoken/jjwt-jackson/0.11.5/jjwt-jackson-0.11.5.jar:/Users/archiskhuspe/.m2/repository/com/fasterxml/jackson/core/jackson-databind/2.15.3/jackson-databind-2.15.3.jar:/Users/archiskhuspe/.m2/repository/com/fasterxml/jackson/core/jackson-annotations/2.15.3/jackson-annotations-2.15.3.jar:/Users/archiskhuspe/.m2/repository/com/fasterxml/jackson/core/jackson-core/2.15.3/jackson-core-2.15.3.jar:/Users/archiskhuspe/.m2/repository/org/springframework/boot/spring-boot-starter-test/3.2.0/spring-boot-starter-test-3.2.0.jar:/Users/archiskhuspe/.m2/repository/org/springframework/boot/spring-boot-test/3.2.0/spring-boot-test-3.2.0.jar:/Users/archiskhuspe/.m2/repository/org/springframework/boot/spring-boot-test-autoconfigure/3.2.0/spring-boot-test-autoconfigure-3.2.0.jar:/Users/archiskhuspe/.m2/repository/com/jayway/jsonpath/json-path/2.8.0/json-path-2.8.0.jar:/Users/archiskhuspe/.m2/repository/jakarta/xml/bind/jakarta.xml.bind-api/4.0.1/jakarta.xml.bind-api-4.0.1.jar:/Users/archiskhuspe/.m2/repository/jakarta/activation/jakarta.activation-api/2.1.2/jakarta.activation-api-2.1.2.jar:/Users/archiskhuspe/.m2/repository/net/minidev/json-smart/2.5.0/json-smart-2.5.0.jar:/Users/archiskhuspe/.m2/repository/net/minidev/accessors-smart/2.5.0/accessors-smart-2.5.0.jar:/Users/archiskhuspe/.m2/repository/org/ow2/asm/asm/9.3/asm-9.3.jar:/Users/archiskhuspe/.m2/repository/org/assertj/assertj-core/3.24.2/assertj-core-3.24.2.jar:/Users/archiskhuspe/.m2/repository/org/awaitility/awaitility/4.2.0/awaitility-4.2.0.jar:/Users/archiskhuspe/.m2/repository/org/hamcrest/hamcrest/2.2/hamcrest-2.2.jar:/Users/archiskhuspe/.m2/repository/org/junit/jupiter/junit-jupiter/5.10.1/junit-jupiter-5.10.1.jar:/Users/archiskhuspe/.m2/repository/org/junit/jupiter/junit-jupiter-api/5.10.1/junit-jupiter-api-5.10.1.jar:/Users/archiskhuspe/.m2/repository/org/opentest4j/opentest4j/1.3.0/opentest4j-1.3.0.jar:/Users/archiskhuspe/.m2/repository/org/junit/platform/junit-platform-commons/1.10.1/junit-platform-commons-1.10.1.jar:/Users/archiskhuspe/.m2/repository/org/apiguardian/apiguardian-api/1.1.2/apiguardian-api-1.1.2.jar:/Users/archiskhuspe/.m2/repository/org/junit/jupiter/junit-jupiter-params/5.10.1/junit-jupiter-params-5.10.1.jar:/Users/archiskhuspe/.m2/repository/org/junit/jupiter/junit-jupiter-engine/5.10.1/junit-jupiter-engine-5.10.1.jar:/Users/archiskhuspe/.m2/repository/org/junit/platform/junit-platform-engine/1.10.1/junit-platform-engine-1.10.1.jar:/Users/archiskhuspe/.m2/repository/org/mockito/mockito-core/5.7.0/mockito-core-5.7.0.jar:/Users/archiskhuspe/.m2/repository/net/bytebuddy/byte-buddy-agent/1.14.10/byte-buddy-agent-1.14.10.jar:/Users/archiskhuspe/.m2/repository/org/objenesis/objenesis/3.3/objenesis-3.3.jar:/Users/archiskhuspe/.m2/repository/org/mockito/mockito-junit-jupiter/5.7.0/mockito-junit-jupiter-5.7.0.jar:/Users/archiskhuspe/.m2/repository/org/skyscreamer/jsonassert/1.5.1/jsonassert-1.5.1.jar:/Users/archiskhuspe/.m2/repository/com/vaadin/external/google/android-json/0.0.20131108.vaadin1/android-json-0.0.20131108.vaadin1.jar:/Users/archiskhuspe/.m2/repository/org/springframework/spring-core/6.1.1/spring-core-6.1.1.jar:/Users/archiskhuspe/.m2/repository/org/springframework/spring-jcl/6.1.1/spring-jcl-6.1.1.jar:/Users/archiskhuspe/.m2/repository/org/springframework/spring-test/6.1.1/spring-test-6.1.1.jar:/Users/archiskhuspe/.m2/repository/org/xmlunit/xmlunit-core/2.9.1/xmlunit-core-2.9.1.jar:/Users/archiskhuspe/.m2/repository/org/springframework/security/spring-security-test/6.2.0/spring-security-test-6.2.0.jar:/Users/archiskhuspe/.m2/repository/org/springframework/security/spring-security-core/6.2.0/spring-security-core-6.2.0.jar:/Users/archiskhuspe/.m2/repository/org/springframework/security/spring-security-crypto/6.2.0/spring-security-crypto-6.2.0.jar:"/>
    <property name="sun.cpu.endian" value="little"/>
    <property name="user.home" value="/Users/archiskhuspe"/>
    <property name="user.language" value="en"/>
    <property name="java.specification.vendor" value="Oracle Corporation"/>
    <property name="java.version.date" value="2024-10-15"/>
    <property name="java.home" value="/Library/Java/JavaVirtualMachines/jdk-21.jdk/Contents/Home"/>
    <property name="file.separator" value="/"/>
    <property name="basedir" value="/Users/archiskhuspe/Desktop/LibraryProjectNewUI"/>
    <property name="java.vm.compressedOopsMode" value="Zero based"/>
    <property name="line.separator" value="&#10;"/>
    <property name="java.vm.specification.vendor" value="Oracle Corporation"/>
    <property name="java.specification.name" value="Java Platform API Specification"/>
    <property name="FILE_LOG_CHARSET" value="UTF-8"/>
    <property name="java.awt.headless" value="true"/>
    <property name="apple.awt.application.name" value="ForkedBooter"/>
    <property name="surefire.real.class.path" value="/Users/archiskhuspe/Desktop/LibraryProjectNewUI/target/surefire/surefirebooter-20250604144831537_3.jar"/>
    <property name="sun.management.compiler" value="HotSpot 64-Bit Tiered Compilers"/>
    <property name="ftp.nonProxyHosts" value="local|*.local|169.254/16|*.169.254/16"/>
    <property name="java.runtime.version" value="21.0.5+9-LTS-239"/>
    <property name="user.name" value="archiskhuspe"/>
    <property name="stdout.encoding" value="UTF-8"/>
    <property name="path.separator" value=":"/>
    <property name="os.version" value="15.5"/>
    <property name="java.runtime.name" value="Java(TM) SE Runtime Environment"/>
    <property name="file.encoding" value="UTF-8"/>
    <property name="java.vm.name" value="Java HotSpot(TM) 64-Bit Server VM"/>
    <property name="localRepository" value="/Users/archiskhuspe/.m2/repository"/>
    <property name="java.vendor.url.bug" value="https://bugreport.java.com/bugreport/"/>
    <property name="java.io.tmpdir" value="/var/folders/5k/dm_9tmj14bb3hmnw2wv1fc0w0000gn/T/"/>
    <property name="com.zaxxer.hikari.pool_number" value="1"/>
    <property name="java.version" value="21.0.5"/>
    <property name="user.dir" value="/Users/archiskhuspe/Desktop/LibraryProjectNewUI"/>
    <property name="os.arch" value="aarch64"/>
    <property name="java.vm.specification.name" value="Java Virtual Machine Specification"/>
    <property name="PID" value="28379"/>
    <property name="CONSOLE_LOG_CHARSET" value="UTF-8"/>
    <property name="native.encoding" value="UTF-8"/>
    <property name="java.library.path" value="/Users/archiskhuspe/Library/Java/Extensions:/Library/Java/Extensions:/Network/Library/Java/Extensions:/System/Library/Java/Extensions:/usr/lib/java:."/>
    <property name="java.vm.info" value="mixed mode, sharing"/>
    <property name="stderr.encoding" value="UTF-8"/>
    <property name="java.vendor" value="Oracle Corporation"/>
    <property name="java.vm.version" value="21.0.5+9-LTS-239"/>
    <property name="sun.io.unicode.encoding" value="UnicodeBig"/>
    <property name="socksNonProxyHosts" value="local|*.local|169.254/16|*.169.254/16"/>
    <property name="java.class.version" value="65.0"/>
    <property name="LOGGED_APPLICATION_NAME" value="[library-management-system] "/>
  </properties>
  <testcase name="addMember_duplicateEmail_shouldFailWithConflict" classname="com.example.lms.controller.MemberControllerIntegrationTest" time="0.612">
    <system-out><![CDATA[14:48:32.036 [main] INFO org.springframework.test.context.support.AnnotationConfigContextLoaderUtils -- Could not detect default configuration classes for test class [com.example.lms.controller.MemberControllerIntegrationTest]: MemberControllerIntegrationTest does not declare any static, non-private, non-final, nested classes annotated with @Configuration.
14:48:32.120 [main] INFO org.springframework.boot.test.context.SpringBootTestContextBootstrapper -- Found @SpringBootConfiguration com.example.lms.LibraryManagementSystemApplication for test class com.example.lms.controller.MemberControllerIntegrationTest

  .   ____          _            __ _ _
 /\\ / ___'_ __ _ _(_)_ __  __ _ \ \ \ \
( ( )\___ | '_ | '_| | '_ \/ _` | \ \ \ \
 \\/  ___)| |_)| | | | | || (_| |  ) ) ) )
  '  |____| .__|_| |_|_| |_\__, | / / / /
 =========|_|==============|___/=/_/_/_/
 :: Spring Boot ::                (v3.2.0)

2025-06-04T14:48:32.327+05:30  INFO 28379 --- [library-management-system] [           main] c.e.l.c.MemberControllerIntegrationTest  : Starting MemberControllerIntegrationTest using Java 21.0.5 with PID 28379 (started by archiskhuspe in /Users/archiskhuspe/Desktop/LibraryProjectNewUI)
2025-06-04T14:48:32.328+05:30  INFO 28379 --- [library-management-system] [           main] c.e.l.c.MemberControllerIntegrationTest  : No active profile set, falling back to 1 default profile: "default"
2025-06-04T14:48:32.739+05:30  INFO 28379 --- [library-management-system] [           main] .s.d.r.c.RepositoryConfigurationDelegate : Bootstrapping Spring Data JPA repositories in DEFAULT mode.
2025-06-04T14:48:32.779+05:30  INFO 28379 --- [library-management-system] [           main] .s.d.r.c.RepositoryConfigurationDelegate : Finished Spring Data repository scanning in 35 ms. Found 3 JPA repository interfaces.
2025-06-04T14:48:33.069+05:30  INFO 28379 --- [library-management-system] [           main] o.hibernate.jpa.internal.util.LogHelper  : HHH000204: Processing PersistenceUnitInfo [name: default]
2025-06-04T14:48:33.099+05:30  INFO 28379 --- [library-management-system] [           main] org.hibernate.Version                    : HHH000412: Hibernate ORM core version 6.3.1.Final
2025-06-04T14:48:33.118+05:30  INFO 28379 --- [library-management-system] [           main] o.h.c.internal.RegionFactoryInitiator    : HHH000026: Second-level cache disabled
2025-06-04T14:48:33.252+05:30  INFO 28379 --- [library-management-system] [           main] o.s.o.j.p.SpringPersistenceUnitInfo      : No LoadTimeWeaver setup: ignoring JPA class transformer
2025-06-04T14:48:33.268+05:30  INFO 28379 --- [library-management-system] [           main] com.zaxxer.hikari.HikariDataSource       : HikariPool-1 - Starting...
2025-06-04T14:48:33.369+05:30  INFO 28379 --- [library-management-system] [           main] com.zaxxer.hikari.pool.HikariPool        : HikariPool-1 - Added connection conn0: url=jdbc:h2:mem:lmsdb user=SA
2025-06-04T14:48:33.370+05:30  INFO 28379 --- [library-management-system] [           main] com.zaxxer.hikari.HikariDataSource       : HikariPool-1 - Start completed.
2025-06-04T14:48:33.385+05:30  WARN 28379 --- [library-management-system] [           main] org.hibernate.orm.deprecation            : HHH90000025: H2Dialect does not need to be specified explicitly using 'hibernate.dialect' (remove the property setting and it will be selected by default)
2025-06-04T14:48:33.882+05:30  INFO 28379 --- [library-management-system] [           main] o.h.e.t.j.p.i.JtaPlatformInitiator       : HHH000489: No JTA platform available (set 'hibernate.transaction.jta.platform' to enable JTA platform integration)
Hibernate: 
    create table books (
        id bigint generated by default as identity,
        author varchar(255) not null,
        is_deleted boolean not null,
        isbn varchar(255) not null,
        published_date date,
        title varchar(255) not null,
        primary key (id)
    )
Hibernate: 
    create table members (
        id bigint generated by default as identity,
        email varchar(255) not null,
        is_deleted boolean not null,
        join_date date not null,
        name varchar(255) not null,
        primary key (id)
    )
Hibernate: 
    create table user_roles (
        user_id bigint not null,
        role_name varchar(255) not null check (role_name in ('ROLE_USER','ROLE_LIBRARIAN')),
        primary key (user_id, role_name)
    )
Hibernate: 
    create table users (
        id bigint generated by default as identity,
        account_non_expired boolean not null,
        account_non_locked boolean not null,
        credentials_non_expired boolean not null,
        email varchar(255) not null,
        enabled boolean not null,
        password varchar(255) not null,
        username varchar(255) not null,
        primary key (id)
    )
Hibernate: 
    alter table if exists books 
       drop constraint if exists UK_kibbepcitr0a3cpk3rfr7nihn
Hibernate: 
    alter table if exists books 
       add constraint UK_kibbepcitr0a3cpk3rfr7nihn unique (isbn)
Hibernate: 
    alter table if exists members 
       drop constraint if exists UK_9d30a9u1qpg8eou0otgkwrp5d
Hibernate: 
    alter table if exists members 
       add constraint UK_9d30a9u1qpg8eou0otgkwrp5d unique (email)
Hibernate: 
    alter table if exists users 
       drop constraint if exists UK_6dotkott2kjsp8vw4d0m25fb7
Hibernate: 
    alter table if exists users 
       add constraint UK_6dotkott2kjsp8vw4d0m25fb7 unique (email)
Hibernate: 
    alter table if exists users 
       drop constraint if exists UK_r43af9ap4edm43mmtq01oddj6
Hibernate: 
    alter table if exists users 
       add constraint UK_r43af9ap4edm43mmtq01oddj6 unique (username)
Hibernate: 
    alter table if exists user_roles 
       add constraint FKhfh9dx7w3ubf1co1vdev94g3f 
       foreign key (user_id) 
       references users
2025-06-04T14:48:33.923+05:30  INFO 28379 --- [library-management-system] [           main] j.LocalContainerEntityManagerFactoryBean : Initialized JPA EntityManagerFactory for persistence unit 'default'
2025-06-04T14:48:34.321+05:30  WARN 28379 --- [library-management-system] [           main] JpaBaseConfiguration$JpaWebConfiguration : spring.jpa.open-in-view is enabled by default. Therefore, database queries may be performed during view rendering. Explicitly configure spring.jpa.open-in-view to disable this warning
2025-06-04T14:48:34.529+05:30  INFO 28379 --- [library-management-system] [           main] o.s.s.web.DefaultSecurityFilterChain     : Will secure any request with [org.springframework.security.web.session.DisableEncodeUrlFilter@60ae950f, org.springframework.security.web.context.request.async.WebAsyncManagerIntegrationFilter@321302bc, org.springframework.security.web.context.SecurityContextHolderFilter@b97f195, org.springframework.security.web.header.HeaderWriterFilter@7fae6f43, org.springframework.web.filter.CorsFilter@89dd102, org.springframework.security.web.authentication.logout.LogoutFilter@cfe72b0, com.example.lms.security.jwt.AuthTokenFilter@17d25e1d, org.springframework.security.web.savedrequest.RequestCacheAwareFilter@360d0c7a, org.springframework.security.web.servletapi.SecurityContextHolderAwareRequestFilter@32f8a37b, org.springframework.security.web.authentication.AnonymousAuthenticationFilter@2b826482, org.springframework.security.web.session.SessionManagementFilter@53630682, org.springframework.security.web.access.ExceptionTranslationFilter@5be8a92c, org.springframework.security.web.access.intercept.AuthorizationFilter@1dc9e4d2]
2025-06-04T14:48:34.705+05:30  INFO 28379 --- [library-management-system] [           main] o.s.b.a.h2.H2ConsoleAutoConfiguration    : H2 console available at '/h2-console'. Database available at 'jdbc:h2:mem:lmsdb'
2025-06-04T14:48:34.746+05:30 DEBUG 28379 --- [library-management-system] [           main] c.e.lms.security.jwt.AuthTokenFilter     : Filter 'authenticationJwtTokenFilter' configured for use
2025-06-04T14:48:34.747+05:30  INFO 28379 --- [library-management-system] [           main] o.s.b.t.m.w.SpringBootMockServletContext : Initializing Spring TestDispatcherServlet ''
2025-06-04T14:48:34.747+05:30  INFO 28379 --- [library-management-system] [           main] o.s.t.web.servlet.TestDispatcherServlet  : Initializing Servlet ''
2025-06-04T14:48:34.748+05:30  INFO 28379 --- [library-management-system] [           main] o.s.t.web.servlet.TestDispatcherServlet  : Completed initialization in 1 ms
2025-06-04T14:48:34.761+05:30  INFO 28379 --- [library-management-system] [           main] c.e.l.c.MemberControllerIntegrationTest  : Started MemberControllerIntegrationTest in 2.568 seconds (process running for 3.16)
Hibernate: 
    select
        m1_0.id,
        m1_0.email,
        m1_0.is_deleted,
        m1_0.join_date,
        m1_0.name 
    from
        members m1_0 
    where
        (
            m1_0.is_deleted = false
        )
Hibernate: 
    insert 
    into
        members
        (email, is_deleted, join_date, name, id) 
    values
        (?, ?, ?, ?, default)
2025-06-04T14:48:35.299+05:30 DEBUG 28379 --- [library-management-system] [           main] c.e.lms.security.jwt.AuthTokenFilter     : AuthTokenFilter: Processing request to /api/v1/members
2025-06-04T14:48:35.299+05:30 DEBUG 28379 --- [library-management-system] [           main] c.e.lms.security.jwt.AuthTokenFilter     : AuthTokenFilter: Authorization Header: null
2025-06-04T14:48:35.299+05:30 DEBUG 28379 --- [library-management-system] [           main] c.e.lms.security.jwt.AuthTokenFilter     : AuthTokenFilter: Parsed JWT: null
2025-06-04T14:48:35.300+05:30 DEBUG 28379 --- [library-management-system] [           main] c.e.lms.security.jwt.AuthTokenFilter     : AuthTokenFilter: No JWT token found in request headers.
2025-06-04T14:48:35.352+05:30  INFO 28379 --- [library-management-system] [           main] c.example.lms.service.MemberServiceImpl  : Attempting to add a new member with email: existing.member@example.com
Hibernate: 
    select
        m1_0.id 
    from
        members m1_0 
    where
        (
            m1_0.is_deleted = false
        ) 
        and m1_0.email=? 
    fetch
        first ? rows only
2025-06-04T14:48:35.368+05:30  WARN 28379 --- [library-management-system] [           main] c.example.lms.service.MemberServiceImpl  : Attempt to add member with duplicate active email: existing.member@example.com
2025-06-04T14:48:35.370+05:30 DEBUG 28379 --- [library-management-system] [           main] c.e.lms.security.jwt.AuthTokenFilter     : AuthTokenFilter: Finished processing request to /api/v1/members
]]></system-out>
    <system-err><![CDATA[WARNING: A Java agent has been loaded dynamically (/Users/archiskhuspe/.m2/repository/net/bytebuddy/byte-buddy-agent/1.14.10/byte-buddy-agent-1.14.10.jar)
WARNING: If a serviceability tool is in use, please run with -XX:+EnableDynamicAgentLoading to hide this warning
WARNING: If a serviceability tool is not in use, please run with -Djdk.instrument.traceUsage for more information
WARNING: Dynamic loading of agents will be disallowed by default in a future release
]]></system-err>
  </testcase>
  <testcase name="memberCrudFlow_createRetrieveUpdateDelete" classname="com.example.lms.controller.MemberControllerIntegrationTest" time="0.227">
    <system-out><![CDATA[Hibernate: 
    select
        m1_0.id,
        m1_0.email,
        m1_0.is_deleted,
        m1_0.join_date,
        m1_0.name 
    from
        members m1_0 
    where
        (
            m1_0.is_deleted = false
        )
2025-06-04T14:48:35.386+05:30 DEBUG 28379 --- [library-management-system] [           main] c.e.lms.security.jwt.AuthTokenFilter     : AuthTokenFilter: Processing request to /api/v1/members
2025-06-04T14:48:35.386+05:30 DEBUG 28379 --- [library-management-system] [           main] c.e.lms.security.jwt.AuthTokenFilter     : AuthTokenFilter: Authorization Header: null
2025-06-04T14:48:35.386+05:30 DEBUG 28379 --- [library-management-system] [           main] c.e.lms.security.jwt.AuthTokenFilter     : AuthTokenFilter: Parsed JWT: null
2025-06-04T14:48:35.386+05:30 DEBUG 28379 --- [library-management-system] [           main] c.e.lms.security.jwt.AuthTokenFilter     : AuthTokenFilter: No JWT token found in request headers.
2025-06-04T14:48:35.387+05:30  INFO 28379 --- [library-management-system] [           main] c.example.lms.service.MemberServiceImpl  : Attempting to add a new member with email: crud.member@example.com
Hibernate: 
    select
        m1_0.id 
    from
        members m1_0 
    where
        (
            m1_0.is_deleted = false
        ) 
        and m1_0.email=? 
    fetch
        first ? rows only
Hibernate: 
    insert 
    into
        members
        (email, is_deleted, join_date, name, id) 
    values
        (?, ?, ?, ?, default)
2025-06-04T14:48:35.389+05:30  INFO 28379 --- [library-management-system] [           main] c.example.lms.service.MemberServiceImpl  : Successfully added member with ID: 2 and email: crud.member@example.com
2025-06-04T14:48:35.398+05:30 DEBUG 28379 --- [library-management-system] [           main] c.e.lms.security.jwt.AuthTokenFilter     : AuthTokenFilter: Finished processing request to /api/v1/members
2025-06-04T14:48:35.421+05:30 DEBUG 28379 --- [library-management-system] [           main] c.e.lms.security.jwt.AuthTokenFilter     : AuthTokenFilter: Processing request to /api/v1/members/2
2025-06-04T14:48:35.421+05:30 DEBUG 28379 --- [library-management-system] [           main] c.e.lms.security.jwt.AuthTokenFilter     : AuthTokenFilter: Authorization Header: null
2025-06-04T14:48:35.421+05:30 DEBUG 28379 --- [library-management-system] [           main] c.e.lms.security.jwt.AuthTokenFilter     : AuthTokenFilter: Parsed JWT: null
2025-06-04T14:48:35.421+05:30 DEBUG 28379 --- [library-management-system] [           main] c.e.lms.security.jwt.AuthTokenFilter     : AuthTokenFilter: No JWT token found in request headers.
2025-06-04T14:48:35.426+05:30 DEBUG 28379 --- [library-management-system] [           main] c.e.lms.security.jwt.AuthTokenFilter     : AuthTokenFilter: Finished processing request to /api/v1/members/2
2025-06-04T14:48:35.428+05:30 DEBUG 28379 --- [library-management-system] [           main] c.e.lms.security.jwt.AuthTokenFilter     : AuthTokenFilter: Processing request to /api/v1/members/2
2025-06-04T14:48:35.428+05:30 DEBUG 28379 --- [library-management-system] [           main] c.e.lms.security.jwt.AuthTokenFilter     : AuthTokenFilter: Authorization Header: null
2025-06-04T14:48:35.428+05:30 DEBUG 28379 --- [library-management-system] [           main] c.e.lms.security.jwt.AuthTokenFilter     : AuthTokenFilter: Parsed JWT: null
2025-06-04T14:48:35.428+05:30 DEBUG 28379 --- [library-management-system] [           main] c.e.lms.security.jwt.AuthTokenFilter     : AuthTokenFilter: No JWT token found in request headers.
2025-06-04T14:48:35.432+05:30  INFO 28379 --- [library-management-system] [           main] c.example.lms.service.MemberServiceImpl  : Attempting to update member with ID: 2
2025-06-04T14:48:35.433+05:30  INFO 28379 --- [library-management-system] [           main] c.example.lms.service.MemberServiceImpl  : Email is being updated for member ID: 2. New email: crud.member.updated@example.com, Old email: crud.member@example.com
Hibernate: 
    update
        members 
    set
        email=?,
        is_deleted=?,
        join_date=?,
        name=? 
    where
        id=?
Hibernate: 
    select
        m1_0.id 
    from
        members m1_0 
    where
        (
            m1_0.is_deleted = false
        ) 
        and m1_0.email=? 
    fetch
        first ? rows only
2025-06-04T14:48:35.440+05:30  INFO 28379 --- [library-management-system] [           main] c.example.lms.service.MemberServiceImpl  : Successfully updated member with ID: 2
2025-06-04T14:48:35.440+05:30 DEBUG 28379 --- [library-management-system] [           main] c.e.lms.security.jwt.AuthTokenFilter     : AuthTokenFilter: Finished processing request to /api/v1/members/2
2025-06-04T14:48:35.442+05:30 DEBUG 28379 --- [library-management-system] [           main] c.e.lms.security.jwt.AuthTokenFilter     : AuthTokenFilter: Processing request to /api/v1/members/2
2025-06-04T14:48:35.443+05:30 DEBUG 28379 --- [library-management-system] [           main] c.e.lms.security.jwt.AuthTokenFilter     : AuthTokenFilter: Authorization Header: null
2025-06-04T14:48:35.443+05:30 DEBUG 28379 --- [library-management-system] [           main] c.e.lms.security.jwt.AuthTokenFilter     : AuthTokenFilter: Parsed JWT: null
2025-06-04T14:48:35.443+05:30 DEBUG 28379 --- [library-management-system] [           main] c.e.lms.security.jwt.AuthTokenFilter     : AuthTokenFilter: No JWT token found in request headers.
2025-06-04T14:48:35.443+05:30  INFO 28379 --- [library-management-system] [           main] c.example.lms.service.MemberServiceImpl  : Attempting to soft delete member with ID: 2
2025-06-04T14:48:35.445+05:30  INFO 28379 --- [library-management-system] [           main] c.example.lms.service.MemberServiceImpl  : Successfully soft-deleted member with ID: 2
2025-06-04T14:48:35.446+05:30 DEBUG 28379 --- [library-management-system] [           main] c.e.lms.security.jwt.AuthTokenFilter     : AuthTokenFilter: Finished processing request to /api/v1/members/2
2025-06-04T14:48:35.447+05:30 DEBUG 28379 --- [library-management-system] [           main] c.e.lms.security.jwt.AuthTokenFilter     : AuthTokenFilter: Processing request to /api/v1/members/2
2025-06-04T14:48:35.447+05:30 DEBUG 28379 --- [library-management-system] [           main] c.e.lms.security.jwt.AuthTokenFilter     : AuthTokenFilter: Authorization Header: null
2025-06-04T14:48:35.447+05:30 DEBUG 28379 --- [library-management-system] [           main] c.e.lms.security.jwt.AuthTokenFilter     : AuthTokenFilter: Parsed JWT: null
2025-06-04T14:48:35.447+05:30 DEBUG 28379 --- [library-management-system] [           main] c.e.lms.security.jwt.AuthTokenFilter     : AuthTokenFilter: No JWT token found in request headers.
2025-06-04T14:48:35.447+05:30  WARN 28379 --- [library-management-system] [           main] c.example.lms.service.MemberServiceImpl  : Member not found with ID: 2
2025-06-04T14:48:35.448+05:30 DEBUG 28379 --- [library-management-system] [           main] c.e.lms.security.jwt.AuthTokenFilter     : AuthTokenFilter: Finished processing request to /api/v1/members/2
Hibernate: 
    UPDATE
        members 
    SET
        is_deleted = true 
    WHERE
        id = ?
Hibernate: 
    select
        count(*) 
    from
        members m1_0 
    where
        (
            m1_0.is_deleted = false
        )
]]></system-out>
  </testcase>
  <testcase name="getAllMembers_withPagination" classname="com.example.lms.controller.MemberControllerIntegrationTest" time="0.026">
    <system-out><![CDATA[Hibernate: 
    select
        m1_0.id,
        m1_0.email,
        m1_0.is_deleted,
        m1_0.join_date,
        m1_0.name 
    from
        members m1_0 
    where
        (
            m1_0.is_deleted = false
        )
Hibernate: 
    insert 
    into
        members
        (email, is_deleted, join_date, name, id) 
    values
        (?, ?, ?, ?, default)
Hibernate: 
    insert 
    into
        members
        (email, is_deleted, join_date, name, id) 
    values
        (?, ?, ?, ?, default)
Hibernate: 
    insert 
    into
        members
        (email, is_deleted, join_date, name, id) 
    values
        (?, ?, ?, ?, default)
2025-06-04T14:48:35.614+05:30 DEBUG 28379 --- [library-management-system] [           main] c.e.lms.security.jwt.AuthTokenFilter     : AuthTokenFilter: Processing request to /api/v1/members
2025-06-04T14:48:35.614+05:30 DEBUG 28379 --- [library-management-system] [           main] c.e.lms.security.jwt.AuthTokenFilter     : AuthTokenFilter: Authorization Header: null
2025-06-04T14:48:35.614+05:30 DEBUG 28379 --- [library-management-system] [           main] c.e.lms.security.jwt.AuthTokenFilter     : AuthTokenFilter: Parsed JWT: null
2025-06-04T14:48:35.614+05:30 DEBUG 28379 --- [library-management-system] [           main] c.e.lms.security.jwt.AuthTokenFilter     : AuthTokenFilter: No JWT token found in request headers.
Hibernate: 
    select
        m1_0.id,
        m1_0.email,
        m1_0.is_deleted,
        m1_0.join_date,
        m1_0.name 
    from
        members m1_0 
    where
        (
            m1_0.is_deleted = false
        ) 
    order by
        m1_0.name 
    offset
        ? rows 
    fetch
        first ? rows only
Hibernate: 
    select
        count(m1_0.id) 
    from
        members m1_0 
    where
        (
            m1_0.is_deleted = false
        )
2025-06-04T14:48:35.624+05:30  INFO 28379 --- [library-management-system] [           main] c.example.lms.service.MemberServiceImpl  : Found 3 members.
2025-06-04T14:48:35.633+05:30 DEBUG 28379 --- [library-management-system] [           main] c.e.lms.security.jwt.AuthTokenFilter     : AuthTokenFilter: Finished processing request to /api/v1/members
]]></system-out>
  </testcase>
</testsuite>